{"level":"info","msg":"所有进程退出:interrupt","time":"2021-03-03T11:41:07+08:00"}
{"level":"info","msg":"web 服务器退出","time":"2021-03-03T11:41:07+08:00"}
{"level":"info","msg":"local","time":"2021-03-03T11:42:13+08:00"}
{"level":"info","msg":"web 服务器退出","time":"2021-03-03T11:42:16+08:00"}
{"level":"info","msg":"所有进程退出:interrupt","time":"2021-03-03T11:42:16+08:00"}
{"level":"info","msg":"local","time":"2021-03-03T11:44:11+08:00"}
{"level":"info","msg":"所有进程退出:interrupt","time":"2021-03-03T11:44:19+08:00"}
{"level":"info","msg":"web 服务器退出","time":"2021-03-03T11:44:19+08:00"}
{"level":"info","msg":"local","time":"2021-03-03T11:49:52+08:00"}
{"level":"info","msg":"运行中","time":"2021-03-03T11:50:22+08:00"}
{"level":"info","msg":"web 服务器退出","time":"2021-03-03T11:50:40+08:00"}
{"level":"info","msg":"所有进程退出:interrupt","time":"2021-03-03T11:50:40+08:00"}
{"level":"info","msg":"produce","time":"2021-03-03T11:50:41+08:00"}
{"level":"info","msg":"web 服务器退出","time":"2021-03-03T11:51:00+08:00"}
{"level":"info","msg":"所有进程退出:interrupt","time":"2021-03-03T11:51:00+08:00"}
{"level":"info","msg":"produce","time":"2021-03-03T11:51:02+08:00"}
{"level":"info","msg":"运行中","time":"2021-03-03T11:51:32+08:00"}
{"level":"info","msg":"web 服务器退出","time":"2021-03-03T11:51:53+08:00"}
{"level":"info","msg":"所有进程退出:interrupt","time":"2021-03-03T11:51:53+08:00"}
{"level":"info","msg":"produce","time":"2021-03-03T11:51:55+08:00"}
{"level":"info","msg":"所有进程退出:interrupt","time":"2021-03-03T11:52:11+08:00"}
{"level":"info","msg":"web 服务器退出","time":"2021-03-03T11:52:11+08:00"}
{"level":"info","msg":"produce","time":"2021-03-03T11:52:16+08:00"}
{"level":"info","msg":"web 服务器退出","time":"2021-03-03T11:52:29+08:00"}
{"level":"info","msg":"所有进程退出:interrupt","time":"2021-03-03T11:52:29+08:00"}
{"level":"info","msg":"produce","time":"2021-03-03T11:52:32+08:00"}
{"level":"info","msg":"运行中","time":"2021-03-03T11:53:02+08:00"}
{"level":"info","msg":"所有进程退出:interrupt","time":"2021-03-03T11:53:12+08:00"}
{"level":"info","msg":"web 服务器退出","time":"2021-03-03T11:53:12+08:00"}
{"level":"info","msg":"produce","time":"2021-03-03T11:53:18+08:00"}
{"level":"info","msg":"运行中","time":"2021-03-03T11:53:48+08:00"}
{"level":"info","msg":"运行中","time":"2021-03-03T11:54:18+08:00"}
{"level":"info","msg":"运行中","time":"2021-03-03T11:54:48+08:00"}
{"level":"info","msg":"运行中","time":"2021-03-03T11:55:18+08:00"}
{"level":"info","msg":"运行中","time":"2021-03-03T11:55:48+08:00"}
{"level":"info","msg":"所有进程退出:interrupt","time":"2021-03-03T11:56:02+08:00"}
{"level":"info","msg":"web 服务器退出","time":"2021-03-03T11:56:02+08:00"}
{"level":"info","msg":"produce","time":"2021-03-03T11:56:04+08:00"}
{"level":"info","msg":"web 服务器退出","time":"2021-03-03T11:56:13+08:00"}
{"level":"info","msg":"所有进程退出:interrupt","time":"2021-03-03T11:56:13+08:00"}
{"level":"info","msg":"produce","time":"2021-03-03T11:57:00+08:00"}
{"level":"info","msg":"所有进程退出:interrupt","time":"2021-03-03T11:57:20+08:00"}
{"level":"info","msg":"web 服务器退出","time":"2021-03-03T11:57:20+08:00"}
{"level":"info","msg":"produce","time":"2021-03-03T11:57:22+08:00"}
{"level":"info","msg":"所有进程退出:interrupt","time":"2021-03-03T11:57:25+08:00"}
{"level":"info","msg":"web 服务器退出","time":"2021-03-03T11:57:25+08:00"}
{"level":"info","msg":"produce","time":"2021-03-03T11:57:37+08:00"}
{"level":"info","msg":"所有进程退出:interrupt","time":"2021-03-03T11:57:52+08:00"}
{"level":"info","msg":"web 服务器退出","time":"2021-03-03T11:57:52+08:00"}
{"level":"info","msg":"produce","time":"2021-03-03T11:57:54+08:00"}
{"level":"info","msg":"运行中","time":"2021-03-03T11:58:24+08:00"}
{"level":"info","msg":"运行中","time":"2021-03-03T11:58:54+08:00"}
{"level":"info","msg":"运行中","time":"2021-03-03T11:59:24+08:00"}
{"level":"info","msg":"运行中","time":"2021-03-03T11:59:54+08:00"}
{"level":"info","msg":"运行中","time":"2021-03-03T12:00:24+08:00"}
{"level":"info","msg":"运行中","time":"2021-03-03T12:00:54+08:00"}
{"level":"info","msg":"运行中","time":"2021-03-03T12:01:24+08:00"}
{"level":"info","msg":"运行中","time":"2021-03-03T12:01:54+08:00"}
{"level":"info","msg":"所有进程退出:interrupt","time":"2021-03-03T12:02:14+08:00"}
{"level":"info","msg":"web 服务器退出","time":"2021-03-03T12:02:14+08:00"}
{"level":"info","msg":"produce","time":"2021-03-03T12:02:48+08:00"}
{"level":"info","msg":"运行中","time":"2021-03-03T12:03:18+08:00"}
{"level":"info","msg":"所有进程退出:interrupt","time":"2021-03-03T12:03:35+08:00"}
{"level":"info","msg":"web 服务器退出","time":"2021-03-03T12:03:35+08:00"}
{"level":"info","msg":"produce","time":"2021-03-03T12:56:05+08:00"}
{"level":"info","msg":"web 服务器退出","time":"2021-03-03T12:56:33+08:00"}
{"level":"info","msg":"所有进程退出:interrupt","time":"2021-03-03T12:56:33+08:00"}
{"level":"info","msg":"produce","time":"2021-03-03T12:56:35+08:00"}
{"level":"info","msg":"运行中","time":"2021-03-03T12:57:05+08:00"}
{"level":"info","msg":"运行中","time":"2021-03-03T12:57:35+08:00"}
{"level":"info","msg":"运行中","time":"2021-03-03T12:58:05+08:00"}
{"level":"info","msg":"所有进程退出:interrupt","time":"2021-03-03T12:58:19+08:00"}
{"level":"info","msg":"web 服务器退出","time":"2021-03-03T12:58:19+08:00"}
{"level":"info","msg":"produce","time":"2021-03-03T12:58:22+08:00"}
{"level":"info","msg":"web 服务器退出","time":"2021-03-03T12:58:42+08:00"}
{"level":"info","msg":"所有进程退出:interrupt","time":"2021-03-03T12:58:42+08:00"}
{"level":"info","msg":"produce","time":"2021-03-03T12:58:44+08:00"}
{"level":"info","msg":"所有进程退出:interrupt","time":"2021-03-03T12:59:01+08:00"}
{"level":"info","msg":"web 服务器退出","time":"2021-03-03T12:59:01+08:00"}
{"level":"info","msg":"produce","time":"2021-03-03T13:02:18+08:00"}
{"level":"info","msg":"所有进程退出:interrupt","time":"2021-03-03T13:02:21+08:00"}
{"level":"info","msg":"web 服务器退出","time":"2021-03-03T13:02:21+08:00"}
{"level":"info","msg":"produce","time":"2021-03-03T13:02:54+08:00"}
{"level":"info","msg":"所有进程退出:interrupt","time":"2021-03-03T13:02:58+08:00"}
{"level":"info","msg":"web 服务器退出","time":"2021-03-03T13:02:58+08:00"}
{"level":"info","msg":"produce","time":"2021-03-03T13:03:14+08:00"}
{"level":"info","msg":"所有进程退出:interrupt","time":"2021-03-03T13:03:21+08:00"}
{"level":"info","msg":"web 服务器退出","time":"2021-03-03T13:03:21+08:00"}
